<?xml version="1.0" encoding="UTF-8"?>
<!-- Generated by org.testng.reporters.JUnitReportReporter -->
<testsuite hostname="sshaikh6540" name="NewTest" tests="1" failures="0" timestamp="13 Jun 2018 09:39:49 GMT" time="9.880" errors="0">
  <testcase name="open" time="9.880" classname="NewTest"/>
</testsuite> <!-- NewTest -->
