<?xml version="1.0" encoding="UTF-8"?>
<!-- Generated by org.testng.reporters.JUnitReportReporter -->
<testsuite hostname="sshaikh6540" name="com.test.automation.UIAutomation.homePage.TC001_VerifyLoginWithInvalidCredentials" tests="1" failures="0" timestamp="22 Jun 2018 17:18:01 GMT" time="24.911" errors="0">
  <testcase name="VerifyLoginWithInvalidCredentials" time="24.911" classname="com.test.automation.UIAutomation.homePage.TC001_VerifyLoginWithInvalidCredentials"/>
</testsuite> <!-- com.test.automation.UIAutomation.homePage.TC001_VerifyLoginWithInvalidCredentials -->
